<?xml version="1.0" encoding="UTF-8"?>
<!-- Generated by org.testng.reporters.JUnitReportReporter -->
<testsuite skipped="0" hostname="DESKTOP-GK61F68" name="com.rmg.practice.CrudOpertions" tests="1" failures="0" timestamp="2021-03-01T17:13:22 IST" time="2.582" errors="0">
  <testcase name="deleteoption" time="2.582" classname="com.rmg.practice.CrudOpertions"/>
  <system-out/>
</testsuite> <!-- com.rmg.practice.CrudOpertions -->
