<?xml version="1.0" encoding="UTF-8"?>
<!-- Generated by org.testng.reporters.JUnitReportReporter -->
<testsuite skipped="0" hostname="DESKTOP-GK61F68" name="com.rmg.practice.CreateProjectUsingJsonFile" tests="1" failures="0" timestamp="2021-04-05T17:41:55 IST" time="4.958" errors="0">
  <testcase name="createprojectSuingJsonFileTest" time="4.958" classname="com.rmg.practice.CreateProjectUsingJsonFile"/>
  <system-out/>
</testsuite> <!-- com.rmg.practice.CreateProjectUsingJsonFile -->
