<?xml version="1.0" encoding="UTF-8"?>
<!-- Generated by org.testng.reporters.JUnitReportReporter -->
<testsuite skipped="0" hostname="DESKTOP-GK61F68" name="com.rmg.apitest.PathParameter" tests="1" failures="0" timestamp="2021-04-06T12:11:14 IST" time="3.596" errors="0">
  <testcase name="getProject" time="3.596" classname="com.rmg.apitest.PathParameter"/>
  <system-out/>
</testsuite> <!-- com.rmg.apitest.PathParameter -->
