<?xml version="1.0" encoding="UTF-8"?>
<!-- Generated by org.testng.reporters.JUnitReportReporter -->
<testsuite skipped="0" hostname="DESKTOP-GK61F68" name="com.rmg.apitest.CreateProject" tests="1" failures="0" timestamp="2021-04-06T11:12:47 IST" time="4.829" errors="0">
  <testcase name="createProject" time="4.829" classname="com.rmg.apitest.CreateProject"/>
  <system-out/>
</testsuite> <!-- com.rmg.apitest.CreateProject -->
