<?xml version="1.0" encoding="UTF-8"?>
<!-- Generated by org.testng.reporters.JUnitReportReporter -->
<testsuite skipped="0" hostname="DESKTOP-GK61F68" name="com.rmg.practice.PathParameter" tests="1" failures="0" timestamp="2021-04-05T18:19:35 IST" time="4.104" errors="0">
  <testcase name="pathParam" time="4.104" classname="com.rmg.practice.PathParameter"/>
  <system-out/>
</testsuite> <!-- com.rmg.practice.PathParameter -->
