<?xml version="1.0" encoding="UTF-8"?>
<!-- Generated by org.testng.reporters.JUnitReportReporter -->
<testsuite skipped="0" hostname="DESKTOP-GK61F68" name="com.rmg.practice.CreateProjectUsingPojoClass" tests="1" failures="0" timestamp="2021-04-05T18:24:34 IST" time="4.614" errors="0">
  <testcase name="createProjectTest" time="4.614" classname="com.rmg.practice.CreateProjectUsingPojoClass"/>
  <system-out/>
</testsuite> <!-- com.rmg.practice.CreateProjectUsingPojoClass -->
